


ARM Macro Assembler    Page 1 


    1 00000000         ;*******************************************************
                       ***********************
    2 00000000         ; CS 107: Computer Architecture and Organization
    3 00000000         ;
    4 00000000         ; Project: L03_LCD
    5 00000000         ; Filename: delay.s
    6 00000000         ; Author: Leonard Euler
    7 00000000         ;
    8 00000000         ; Editor: Richie Romero Castillo
    9 00000000         ; Semester: Spring 2019
   10 00000000         ;
   11 00000000         ; Description: Various delay routines.
   12 00000000         ;
   13 00000000         ;*******************************************************
                       ***********************  
   14 00000000         
   15 00000000                 AREA             DELAYCODE, CODE
   16 00000000         
   17 00000000         ;*******************************************************
                       ***********************  
   18 00000000         ; Delays for one millisecond.
   19 00000000         ;
   20 00000000         ; void DELAY_1_MS()
   21 00000000         ;
   22 00000000         ; This is a simple loop which will delay for approximate
                       ly one millisecond.
   23 00000000         ; A loop count of 3000 will work.
   24 00000000         ;*******************************************************
                       ***********************  
   25 00000000         DELAY_1_MS
                               PROC
   26 00000000                 EXPORT           DELAY_1_MS     [WEAK]
   27 00000000         ; 1st routine to work on
   28 00000000         
   29 00000000 B53F            PUSH             {r0-r5, LR}
   30 00000002 F640 30B8       MOV              r0, #3000
   31 00000006         
   32 00000006 B118    LoopDelay
                               CBZ              r0, EXIT
   33 00000008 4609            MOV              r1, r1      ; arbitrary
   34 0000000A F1A0 0001       SUB              r0, r0, #1
   35 0000000E E7FA            B                LoopDelay
   36 00000010         
   37 00000010 BD3F    EXIT    POP              {r0-r5, PC}
   38 00000012         
   39 00000012                 ENDP
   40 00000012         
   41 00000012         ;*******************************************************
                       ***********************  
   42 00000012         ; Delays for about two milliseconds.
   43 00000012         ;
   44 00000012         ; void DELAY_2_MS()
   45 00000012         ;
   46 00000012         ; This 2 ms delay is longer than the longest command wil
                       l take to the LCD
   47 00000012         ; Keypad display.
   48 00000012         ;*******************************************************
                       ***********************  
   49 00000012         DELAY_2_MS



ARM Macro Assembler    Page 2 


                               PROC
   50 00000012                 EXPORT           DELAY_2_MS     [WEAK]
   51 00000012         
   52 00000012         ; 2nd routine to work on
   53 00000012         
   54 00000012 B53F            PUSH             {r0-r5, LR}
   55 00000014 F241 7070       MOV              r0, #6000
   56 00000018         
   57 00000018 B118    LoopDelay2
                               CBZ              r0, EXIT2
   58 0000001A 4609            MOV              r1, r1
   59 0000001C F1A0 0001       SUB              r0, r0, #1
   60 00000020 E7FA            B                LoopDelay2
   61 00000022         
   62 00000022 BD3F    EXIT2   POP              {r0-r5, PC}
   63 00000024         
   64 00000024                 ENDP
   65 00000024         
   66 00000024         ;*******************************************************
                       ***********************  
   67 00000024         ; Delays for about 5 ms.
   68 00000024         ;
   69 00000024         ; void DELAY_5_MS()
   70 00000024         ;
   71 00000024         ;*******************************************************
                       *********************** 
   72 00000024         DELAY_5_MS
                               PROC
   73 00000024                 EXPORT           DELAY_5_MS     [WEAK]
   74 00000024         
   75 00000024 B53F            PUSH             {r0-r5, LR}
   76 00000026 F643 2098       MOV              r0, #15000
   77 0000002A         
   78 0000002A B118    LoopDelay5
                               CBZ              r0, EXIT5
   79 0000002C 4609            MOV              r1, r1
   80 0000002E F1A0 0001       SUB              r0, r0, #1
   81 00000032 E7FA            B                LoopDelay5
   82 00000034         
   83 00000034 BD3F    EXIT5   POP              {r0-r5, PC}
   84 00000036         
   85 00000036                 ENDP
   86 00000036         
   87 00000036         ;*******************************************************
                       ***********************  
   88 00000036         ; Delays for about 15 ms.
   89 00000036         ;
   90 00000036         ; void DELAY_15_MS()
   91 00000036         ;
   92 00000036         ;*******************************************************
                       *********************** 
   93 00000036         DELAY_15_MS
                               PROC
   94 00000036                 EXPORT           DELAY_15_MS     [WEAK]
   95 00000036         
   96 00000036 B53F            PUSH             {r0-r5, LR}
   97 00000038 F64A 70C8       MOV              r0, #45000
   98 0000003C         
   99 0000003C B118    LoopDelay15



ARM Macro Assembler    Page 3 


                               CBZ              r0, EXIT15
  100 0000003E 4609            MOV              r1, r1
  101 00000040 F1A0 0001       SUB              r0, r0, #1
  102 00000044 E7FA            B                LoopDelay15
  103 00000046         
  104 00000046 BD3F    EXIT15  POP              {r0-r5, PC}
  105 00000048         
  106 00000048                 ENDP
  107 00000048         
  108 00000048         ;*******************************************************
                       ***********************  
  109 00000048         ; Delays for about 20 ms.
  110 00000048         ;
  111 00000048         ; void DELAY_20_MS()
  112 00000048         ; 
  113 00000048         ; avoiding delay_40_ms since MOV's 0xFFFF is too little 
                       of time
  114 00000048         ;
  115 00000048         ;*******************************************************
                       *********************** 
  116 00000048         DELAY_20_MS
                               PROC
  117 00000048                 EXPORT           DELAY_20_MS     [WEAK]
  118 00000048         
  119 00000048 B53F            PUSH             {r0-r5, LR}
  120 0000004A         
  121 0000004A F64E 2060       MOV              r0, #60000
  122 0000004E         
  123 0000004E B118    LoopDelay20
                               CBZ              r0, EXIT20
  124 00000050 4609            MOV              r1, r1
  125 00000052 F1A0 0001       SUB              r0, r0, #1
  126 00000056 E7FA            B                LoopDelay20
  127 00000058         
  128 00000058         
  129 00000058 BD3F    EXIT20  POP              {r0-r5, PC}
  130 0000005A         
  131 0000005A                 ENDP
  132 0000005A         
  133 0000005A                 END
Command Line: --debug --xref --diag_suppress=9931 --cpu=Cortex-M4.fp --apcs=int
erwork --depend=.\objects\delay.d -o.\objects\delay.o -I.\RTE\_LPC_4088 -IC:\Ke
il_v5\ARM\PACK\Keil\LPC4000_DFP\2.1.0\Device\Include -IC:\Keil_v5\ARM\CMSIS\Inc
lude --predefine="__EVAL SETA 1" --predefine="__UVISION_VERSION SETA 525" --pre
define="CORE_M4 SETA 1" --list=.\listings\delay.lst delay.s



ARM Macro Assembler    Page 1 Alphabetic symbol ordering
Relocatable symbols

DELAYCODE 00000000

Symbol: DELAYCODE
   Definitions
      At line 15 in file delay.s
   Uses
      None
Comment: DELAYCODE unused
DELAY_15_MS 00000036

Symbol: DELAY_15_MS
   Definitions
      At line 93 in file delay.s
   Uses
      At line 94 in file delay.s
Comment: DELAY_15_MS used once
DELAY_1_MS 00000000

Symbol: DELAY_1_MS
   Definitions
      At line 25 in file delay.s
   Uses
      At line 26 in file delay.s
Comment: DELAY_1_MS used once
DELAY_20_MS 00000048

Symbol: DELAY_20_MS
   Definitions
      At line 116 in file delay.s
   Uses
      At line 117 in file delay.s
Comment: DELAY_20_MS used once
DELAY_2_MS 00000012

Symbol: DELAY_2_MS
   Definitions
      At line 49 in file delay.s
   Uses
      At line 50 in file delay.s
Comment: DELAY_2_MS used once
DELAY_5_MS 00000024

Symbol: DELAY_5_MS
   Definitions
      At line 72 in file delay.s
   Uses
      At line 73 in file delay.s
Comment: DELAY_5_MS used once
EXIT 00000010

Symbol: EXIT
   Definitions
      At line 37 in file delay.s
   Uses
      At line 32 in file delay.s
Comment: EXIT used once
EXIT15 00000046

Symbol: EXIT15



ARM Macro Assembler    Page 2 Alphabetic symbol ordering
Relocatable symbols

   Definitions
      At line 104 in file delay.s
   Uses
      At line 99 in file delay.s
Comment: EXIT15 used once
EXIT2 00000022

Symbol: EXIT2
   Definitions
      At line 62 in file delay.s
   Uses
      At line 57 in file delay.s
Comment: EXIT2 used once
EXIT20 00000058

Symbol: EXIT20
   Definitions
      At line 129 in file delay.s
   Uses
      At line 123 in file delay.s
Comment: EXIT20 used once
EXIT5 00000034

Symbol: EXIT5
   Definitions
      At line 83 in file delay.s
   Uses
      At line 78 in file delay.s
Comment: EXIT5 used once
LoopDelay 00000006

Symbol: LoopDelay
   Definitions
      At line 32 in file delay.s
   Uses
      At line 35 in file delay.s
Comment: LoopDelay used once
LoopDelay15 0000003C

Symbol: LoopDelay15
   Definitions
      At line 99 in file delay.s
   Uses
      At line 102 in file delay.s
Comment: LoopDelay15 used once
LoopDelay2 00000018

Symbol: LoopDelay2
   Definitions
      At line 57 in file delay.s
   Uses
      At line 60 in file delay.s
Comment: LoopDelay2 used once
LoopDelay20 0000004E

Symbol: LoopDelay20
   Definitions
      At line 123 in file delay.s
   Uses



ARM Macro Assembler    Page 3 Alphabetic symbol ordering
Relocatable symbols

      At line 126 in file delay.s
Comment: LoopDelay20 used once
LoopDelay5 0000002A

Symbol: LoopDelay5
   Definitions
      At line 78 in file delay.s
   Uses
      At line 81 in file delay.s
Comment: LoopDelay5 used once
16 symbols
350 symbols in table
