


ARM Macro Assembler    Page 1 


    1 00000000         ;*******************************************************
                       ***********************
    2 00000000         ; CS 107: Computer Architecture and Organization
    3 00000000         ;
    4 00000000         ; Filename: startup.s
    5 00000000         ; Author: Leonard Euler
    6 00000000         ;
    7 00000000         ; Editor: Richie Romero Castillo
    8 00000000         ; Semester: Spring 2019
    9 00000000         ;
   10 00000000         ; Description: 
   11 00000000         ; This is the startup file which sets up all of the vect
                       ors needed
   12 00000000         ; for the processor to f(x). 
   13 00000000         ; It also sets up the start of the program by
   14 00000000         ; loading the address of the code "main" && jumping to i
                       t.
   15 00000000         ;  
   16 00000000         ; Note that there is no setup of a runtime environment. 
                       
   17 00000000         ; You're programming to
   18 00000000         ; the metal here!
   19 00000000         ; 
   20 00000000         ; Based on: startup_LPC407x_8x.s
   21 00000000         ;
   22 00000000         ;*******************************************************
                       *********************** 
   23 00000000         
   24 00000000         ;*******************************************************
                       ***********************
   25 00000000         ; Configure the stack
   26 00000000         ;*******************************************************
                       ***********************
   27 00000000 00000400 
                       Stack_Size
                               EQU              0x00000400
   28 00000000         
   29 00000000                 AREA             STACK, NOINIT, READWRITE, ALIGN
=3
   30 00000000                 EXPORT           __initial_sp    [WEAK]
   31 00000000         
   32 00000000         Stack_Mem
                               SPACE            Stack_Size
   33 00000400         __initial_sp
   34 00000400         
   35 00000400                 PRESERVE8
   36 00000400                 THUMB
   37 00000400         
   38 00000400         ;*******************************************************
                       ***********************
   39 00000400         ; Create the vector table. 
   40 00000400         ; Vector Table Mapped to Address 0 at Reset
   41 00000400         ;*******************************************************
                       ***********************
   42 00000400                 AREA             RESET, DATA, READONLY
   43 00000000                 EXPORT           __Vectors
   44 00000000         
   45 00000000 00000000 
                       __Vectors



ARM Macro Assembler    Page 2 


                               DCD              __initial_sp ; Top of Stack
   46 00000004 00000000        DCD              Reset_Handler ; Reset Handler
   47 00000008 00000000        DCD              NMI_Handler ; NMI Handler
   48 0000000C 00000000        DCD              HardFault_Handler ; Hard Fault 
                                                            Handler
   49 00000010 00000000        DCD              MemManage_Handler 
                                                            ; MPU Fault Handler
                                                            
   50 00000014 00000000        DCD              BusFault_Handler 
                                                            ; Bus Fault Handler
                                                            
   51 00000018 00000000        DCD              UsageFault_Handler ; Usage Faul
                                                            t Handler
   52 0000001C         ; DCD  0xEFFFF5D6                ; Reserved- vector sum
   53 0000001C EFFFF39E        DCD              0xEFFFF39E  ; Reserved- vector 
                                                            sum
   54 00000020 00000000        DCD              0           ; Reserved
   55 00000024 00000000        DCD              0           ; Reserved
   56 00000028 00000000        DCD              0           ; Reserved
   57 0000002C 00000000        DCD              SVC_Handler ; SVCall Handler
   58 00000030 00000000        DCD              DebugMon_Handler ; Debug Monito
                                                            r Handler
   59 00000034 00000000        DCD              0           ; Reserved
   60 00000038 00000000        DCD              PendSV_Handler ; PendSV Handler
                                                            
   61 0000003C 00000000        DCD              SysTick_Handler 
                                                            ; SysTick Handler
   62 00000040         
   63 00000040         ; External Interrupts
   64 00000040 00000000        DCD              WDT_IRQHandler ; 16: Watchdog T
                                                            imer
   65 00000044 00000000        DCD              TIMER0_IRQHandler ; 17: Timer0
   66 00000048 00000000        DCD              TIMER1_IRQHandler ; 18: Timer1
   67 0000004C 00000000        DCD              TIMER2_IRQHandler ; 19: Timer2
   68 00000050 00000000        DCD              TIMER3_IRQHandler ; 20: Timer3
   69 00000054 00000000        DCD              UART0_IRQHandler ; 21: UART0
   70 00000058 00000000        DCD              UART1_IRQHandler ; 22: UART1
   71 0000005C 00000000        DCD              UART2_IRQHandler ; 23: UART2
   72 00000060 00000000        DCD              UART3_IRQHandler ; 24: UART3
   73 00000064 00000000        DCD              PWM1_IRQHandler ; 25: PWM1
   74 00000068 00000000        DCD              I2C0_IRQHandler ; 26: I2C0
   75 0000006C 00000000        DCD              I2C1_IRQHandler ; 27: I2C1
   76 00000070 00000000        DCD              I2C2_IRQHandler ; 28: I2C2
   77 00000074 00000000        DCD              0           ; 29: reserved, not
                                                             for SPIFI anymore
   78 00000078 00000000        DCD              SSP0_IRQHandler ; 30: SSP0
   79 0000007C 00000000        DCD              SSP1_IRQHandler ; 31: SSP1
   80 00000080 00000000        DCD              PLL0_IRQHandler ; 32: PLL0 Lock
                                                             (Main PLL)
   81 00000084 00000000        DCD              RTC_IRQHandler ; 33: Real Time 
                                                            Clock
   82 00000088 00000000        DCD              EINT0_IRQHandler ; 34: External
                                                             Interrupt 0
   83 0000008C 00000000        DCD              EINT1_IRQHandler ; 35: External
                                                             Interrupt 1
   84 00000090 00000000        DCD              EINT2_IRQHandler ; 36: External
                                                             Interrupt 2
   85 00000094 00000000        DCD              EINT3_IRQHandler ; 37: External
                                                             Interrupt 3



ARM Macro Assembler    Page 3 


   86 00000098 00000000        DCD              ADC_IRQHandler 
                                                            ; 38: A/D Converter
                                                            
   87 0000009C 00000000        DCD              BOD_IRQHandler ; 39: Brown-Out 
                                                            Detect
   88 000000A0 00000000        DCD              USB_IRQHandler ; 40: USB
   89 000000A4 00000000        DCD              CAN_IRQHandler ; 41: CAN
   90 000000A8 00000000        DCD              DMA_IRQHandler ; 42: General Pu
                                                            rpose DMA
   91 000000AC 00000000        DCD              I2S_IRQHandler ; 43: I2S
   92 000000B0 00000000        DCD              ENET_IRQHandler ; 44: Ethernet
   93 000000B4 00000000        DCD              MCI_IRQHandler ; 45: SD/MMC car
                                                            d I/F
   94 000000B8 00000000        DCD              MCPWM_IRQHandler ; 46: Motor Co
                                                            ntrol PWM
   95 000000BC 00000000        DCD              QEI_IRQHandler ; 47: Quadrature
                                                             Encoder Interface
   96 000000C0 00000000        DCD              PLL1_IRQHandler ; 48: PLL1 Lock
                                                             (USB PLL)
   97 000000C4 00000000        DCD              USBActivity_IRQHandler ; 49: US
                                                            B Activity interrup
                                                            t to wakeup
   98 000000C8 00000000        DCD              CANActivity_IRQHandler ; 50: CA
                                                            N Activity interrup
                                                            t to wakeup
   99 000000CC 00000000        DCD              UART4_IRQHandler ; 51: UART4
  100 000000D0 00000000        DCD              SSP2_IRQHandler ; 52: SSP2
  101 000000D4 00000000        DCD              LCD_IRQHandler ; 53: LCD
  102 000000D8 00000000        DCD              GPIO_IRQHandler ; 54: GPIO
  103 000000DC 00000000        DCD              PWM0_IRQHandler ; 55: PWM0
  104 000000E0 00000000        DCD              EEPROM_IRQHandler ; 56: EEPROM
  105 000000E4         
  106 000000E4         
  107 000000E4                 AREA             SBCCSTARTUP, CODE, READONLY
  108 00000000         ;*******************************************************
                       ***********************
  109 00000000         ; Reset Handler
  110 00000000         ;
  111 00000000         ; This is where the code starts. 
  112 00000000         ; All we do is load the address of 
  113 00000000         ; "main" && branch to it.
  114 00000000         ;*******************************************************
                       ***********************
  115 00000000         Reset_Handler
                               PROC
  116 00000000                 EXPORT           Reset_Handler             [WEAK
]
  117 00000000                 IMPORT           start
  118 00000000 4805            LDR              R0, =start
  119 00000002 4700            BX               R0
  120 00000004                 ENDP
  121 00000004         
  122 00000004         
  123 00000004         ;*******************************************************
                       ***********************
  124 00000004         ; Dummy Exception Handlers (infinite loops which can be 
                       modified)
  125 00000004         ;*******************************************************
                       ***********************



ARM Macro Assembler    Page 4 


  126 00000004         NMI_Handler
                               PROC
  127 00000004                 EXPORT           NMI_Handler               [WEAK
]
  128 00000004 E7FE            B                .
  129 00000006                 ENDP
  131 00000006         HardFault_Handler
                               PROC
  132 00000006                 EXPORT           HardFault_Handler         [WEAK
]
  133 00000006 E7FE            B                .
  134 00000008                 ENDP
  136 00000008         MemManage_Handler
                               PROC
  137 00000008                 EXPORT           MemManage_Handler         [WEAK
]
  138 00000008 E7FE            B                .
  139 0000000A                 ENDP
  141 0000000A         BusFault_Handler
                               PROC
  142 0000000A                 EXPORT           BusFault_Handler          [WEAK
]
  143 0000000A E7FE            B                .
  144 0000000C                 ENDP
  146 0000000C         UsageFault_Handler
                               PROC
  147 0000000C                 EXPORT           UsageFault_Handler        [WEAK
]
  148 0000000C E7FE            B                .
  149 0000000E                 ENDP
  150 0000000E         SVC_Handler
                               PROC
  151 0000000E                 EXPORT           SVC_Handler               [WEAK
]
  152 0000000E E7FE            B                .
  153 00000010                 ENDP
  155 00000010         DebugMon_Handler
                               PROC
  156 00000010                 EXPORT           DebugMon_Handler          [WEAK
]
  157 00000010 E7FE            B                .
  158 00000012                 ENDP
  159 00000012         PendSV_Handler
                               PROC
  160 00000012                 EXPORT           PendSV_Handler            [WEAK
]
  161 00000012 E7FE            B                .
  162 00000014                 ENDP
  163 00000014         SysTick_Handler
                               PROC
  164 00000014                 EXPORT           SysTick_Handler           [WEAK
]
  165 00000014 E7FE            B                .
  166 00000016                 ENDP
  167 00000016         
  168 00000016         Default_Handler
                               PROC
  169 00000016         
  170 00000016                 EXPORT           WDT_IRQHandler            [WEAK



ARM Macro Assembler    Page 5 


]
  171 00000016                 EXPORT           TIMER0_IRQHandler         [WEAK
]
  172 00000016                 EXPORT           TIMER1_IRQHandler         [WEAK
]
  173 00000016                 EXPORT           TIMER2_IRQHandler         [WEAK
]
  174 00000016                 EXPORT           TIMER3_IRQHandler         [WEAK
]
  175 00000016                 EXPORT           UART0_IRQHandler          [WEAK
]
  176 00000016                 EXPORT           UART1_IRQHandler          [WEAK
]
  177 00000016                 EXPORT           UART2_IRQHandler          [WEAK
]
  178 00000016                 EXPORT           UART3_IRQHandler          [WEAK
]
  179 00000016                 EXPORT           PWM1_IRQHandler           [WEAK
]
  180 00000016                 EXPORT           I2C0_IRQHandler           [WEAK
]
  181 00000016                 EXPORT           I2C1_IRQHandler           [WEAK
]
  182 00000016                 EXPORT           I2C2_IRQHandler           [WEAK
]
  183 00000016         ;EXPORT  SPIFI_IRQHandler          [WEAK]
  184 00000016                 EXPORT           SSP0_IRQHandler           [WEAK
]
  185 00000016                 EXPORT           SSP1_IRQHandler           [WEAK
]
  186 00000016                 EXPORT           PLL0_IRQHandler           [WEAK
]
  187 00000016                 EXPORT           RTC_IRQHandler            [WEAK
]
  188 00000016                 EXPORT           EINT0_IRQHandler          [WEAK
]
  189 00000016                 EXPORT           EINT1_IRQHandler          [WEAK
]
  190 00000016                 EXPORT           EINT2_IRQHandler          [WEAK
]
  191 00000016                 EXPORT           EINT3_IRQHandler          [WEAK
]
  192 00000016                 EXPORT           ADC_IRQHandler            [WEAK
]
  193 00000016                 EXPORT           BOD_IRQHandler            [WEAK
]
  194 00000016                 EXPORT           USB_IRQHandler            [WEAK
]
  195 00000016                 EXPORT           CAN_IRQHandler            [WEAK
]
  196 00000016                 EXPORT           DMA_IRQHandler            [WEAK
]
  197 00000016                 EXPORT           I2S_IRQHandler            [WEAK
]
  198 00000016                 EXPORT           ENET_IRQHandler           [WEAK
]
  199 00000016                 EXPORT           MCI_IRQHandler            [WEAK
]
  200 00000016                 EXPORT           MCPWM_IRQHandler          [WEAK



ARM Macro Assembler    Page 6 


]
  201 00000016                 EXPORT           QEI_IRQHandler            [WEAK
]
  202 00000016                 EXPORT           PLL1_IRQHandler           [WEAK
]
  203 00000016                 EXPORT           USBActivity_IRQHandler    [WEAK
]
  204 00000016                 EXPORT           CANActivity_IRQHandler    [WEAK
]
  205 00000016                 EXPORT           UART4_IRQHandler          [WEAK
]
  206 00000016                 EXPORT           SSP2_IRQHandler           [WEAK
]
  207 00000016                 EXPORT           LCD_IRQHandler            [WEAK
]
  208 00000016                 EXPORT           GPIO_IRQHandler           [WEAK
]
  209 00000016                 EXPORT           PWM0_IRQHandler           [WEAK
]
  210 00000016                 EXPORT           EEPROM_IRQHandler         [WEAK
]
  211 00000016         
  212 00000016         WDT_IRQHandler
  213 00000016         TIMER0_IRQHandler
  214 00000016         TIMER1_IRQHandler
  215 00000016         TIMER2_IRQHandler
  216 00000016         TIMER3_IRQHandler
  217 00000016         UART0_IRQHandler
  218 00000016         UART1_IRQHandler
  219 00000016         UART2_IRQHandler
  220 00000016         UART3_IRQHandler
  221 00000016         PWM1_IRQHandler
  222 00000016         I2C0_IRQHandler
  223 00000016         I2C1_IRQHandler
  224 00000016         I2C2_IRQHandler
  225 00000016         ;SPIFI_IRQHandler ;not used
  226 00000016         SSP0_IRQHandler
  227 00000016         SSP1_IRQHandler
  228 00000016         PLL0_IRQHandler
  229 00000016         RTC_IRQHandler
  230 00000016         EINT0_IRQHandler
  231 00000016         EINT1_IRQHandler
  232 00000016         EINT2_IRQHandler
  233 00000016         EINT3_IRQHandler
  234 00000016         ADC_IRQHandler
  235 00000016         BOD_IRQHandler
  236 00000016         USB_IRQHandler
  237 00000016         CAN_IRQHandler
  238 00000016         DMA_IRQHandler
  239 00000016         I2S_IRQHandler
  240 00000016         ENET_IRQHandler
  241 00000016         MCI_IRQHandler
  242 00000016         MCPWM_IRQHandler
  243 00000016         QEI_IRQHandler
  244 00000016         PLL1_IRQHandler
  245 00000016         USBActivity_IRQHandler
  246 00000016         CANActivity_IRQHandler
  247 00000016         UART4_IRQHandler
  248 00000016         SSP2_IRQHandler



ARM Macro Assembler    Page 7 


  249 00000016         LCD_IRQHandler
  250 00000016         GPIO_IRQHandler
  251 00000016         PWM0_IRQHandler
  252 00000016         EEPROM_IRQHandler
  253 00000016         
  254 00000016 E7FE            B                .
  255 00000018         
  256 00000018                 ENDP
  257 00000018         
  258 00000018                 END
              00000000 
Command Line: --debug --xref --diag_suppress=9931 --cpu=Cortex-M4.fp --apcs=int
erwork --depend=.\objects\startup.d -o.\objects\startup.o -I.\RTE\_LPC_4088 -IC
:\Keil_v5\ARM\PACK\Keil\LPC4000_DFP\2.1.0\Device\Include -IC:\Keil_v5\ARM\CMSIS
\Include --predefine="__EVAL SETA 1" --predefine="__UVISION_VERSION SETA 525" -
-predefine="CORE_M4 SETA 1" --list=.\listings\startup.lst startup.s



ARM Macro Assembler    Page 1 Alphabetic symbol ordering
Relocatable symbols

STACK 00000000

Symbol: STACK
   Definitions
      At line 29 in file startup.s
   Uses
      None
Comment: STACK unused
Stack_Mem 00000000

Symbol: Stack_Mem
   Definitions
      At line 32 in file startup.s
   Uses
      None
Comment: Stack_Mem unused
__initial_sp 00000400

Symbol: __initial_sp
   Definitions
      At line 33 in file startup.s
   Uses
      At line 30 in file startup.s
      At line 45 in file startup.s

3 symbols



ARM Macro Assembler    Page 1 Alphabetic symbol ordering
Relocatable symbols

RESET 00000000

Symbol: RESET
   Definitions
      At line 42 in file startup.s
   Uses
      None
Comment: RESET unused
__Vectors 00000000

Symbol: __Vectors
   Definitions
      At line 45 in file startup.s
   Uses
      At line 43 in file startup.s
Comment: __Vectors used once
2 symbols



ARM Macro Assembler    Page 1 Alphabetic symbol ordering
Relocatable symbols

ADC_IRQHandler 00000016

Symbol: ADC_IRQHandler
   Definitions
      At line 234 in file startup.s
   Uses
      At line 86 in file startup.s
      At line 192 in file startup.s

BOD_IRQHandler 00000016

Symbol: BOD_IRQHandler
   Definitions
      At line 235 in file startup.s
   Uses
      At line 87 in file startup.s
      At line 193 in file startup.s

BusFault_Handler 0000000A

Symbol: BusFault_Handler
   Definitions
      At line 141 in file startup.s
   Uses
      At line 50 in file startup.s
      At line 142 in file startup.s

CANActivity_IRQHandler 00000016

Symbol: CANActivity_IRQHandler
   Definitions
      At line 246 in file startup.s
   Uses
      At line 98 in file startup.s
      At line 204 in file startup.s

CAN_IRQHandler 00000016

Symbol: CAN_IRQHandler
   Definitions
      At line 237 in file startup.s
   Uses
      At line 89 in file startup.s
      At line 195 in file startup.s

DMA_IRQHandler 00000016

Symbol: DMA_IRQHandler
   Definitions
      At line 238 in file startup.s
   Uses
      At line 90 in file startup.s
      At line 196 in file startup.s

DebugMon_Handler 00000010

Symbol: DebugMon_Handler
   Definitions
      At line 155 in file startup.s



ARM Macro Assembler    Page 2 Alphabetic symbol ordering
Relocatable symbols

   Uses
      At line 58 in file startup.s
      At line 156 in file startup.s

Default_Handler 00000016

Symbol: Default_Handler
   Definitions
      At line 168 in file startup.s
   Uses
      None
Comment: Default_Handler unused
EEPROM_IRQHandler 00000016

Symbol: EEPROM_IRQHandler
   Definitions
      At line 252 in file startup.s
   Uses
      At line 104 in file startup.s
      At line 210 in file startup.s

EINT0_IRQHandler 00000016

Symbol: EINT0_IRQHandler
   Definitions
      At line 230 in file startup.s
   Uses
      At line 82 in file startup.s
      At line 188 in file startup.s

EINT1_IRQHandler 00000016

Symbol: EINT1_IRQHandler
   Definitions
      At line 231 in file startup.s
   Uses
      At line 83 in file startup.s
      At line 189 in file startup.s

EINT2_IRQHandler 00000016

Symbol: EINT2_IRQHandler
   Definitions
      At line 232 in file startup.s
   Uses
      At line 84 in file startup.s
      At line 190 in file startup.s

EINT3_IRQHandler 00000016

Symbol: EINT3_IRQHandler
   Definitions
      At line 233 in file startup.s
   Uses
      At line 85 in file startup.s
      At line 191 in file startup.s

ENET_IRQHandler 00000016




ARM Macro Assembler    Page 3 Alphabetic symbol ordering
Relocatable symbols

Symbol: ENET_IRQHandler
   Definitions
      At line 240 in file startup.s
   Uses
      At line 92 in file startup.s
      At line 198 in file startup.s

GPIO_IRQHandler 00000016

Symbol: GPIO_IRQHandler
   Definitions
      At line 250 in file startup.s
   Uses
      At line 102 in file startup.s
      At line 208 in file startup.s

HardFault_Handler 00000006

Symbol: HardFault_Handler
   Definitions
      At line 131 in file startup.s
   Uses
      At line 48 in file startup.s
      At line 132 in file startup.s

I2C0_IRQHandler 00000016

Symbol: I2C0_IRQHandler
   Definitions
      At line 222 in file startup.s
   Uses
      At line 74 in file startup.s
      At line 180 in file startup.s

I2C1_IRQHandler 00000016

Symbol: I2C1_IRQHandler
   Definitions
      At line 223 in file startup.s
   Uses
      At line 75 in file startup.s
      At line 181 in file startup.s

I2C2_IRQHandler 00000016

Symbol: I2C2_IRQHandler
   Definitions
      At line 224 in file startup.s
   Uses
      At line 76 in file startup.s
      At line 182 in file startup.s

I2S_IRQHandler 00000016

Symbol: I2S_IRQHandler
   Definitions
      At line 239 in file startup.s
   Uses
      At line 91 in file startup.s



ARM Macro Assembler    Page 4 Alphabetic symbol ordering
Relocatable symbols

      At line 197 in file startup.s

LCD_IRQHandler 00000016

Symbol: LCD_IRQHandler
   Definitions
      At line 249 in file startup.s
   Uses
      At line 101 in file startup.s
      At line 207 in file startup.s

MCI_IRQHandler 00000016

Symbol: MCI_IRQHandler
   Definitions
      At line 241 in file startup.s
   Uses
      At line 93 in file startup.s
      At line 199 in file startup.s

MCPWM_IRQHandler 00000016

Symbol: MCPWM_IRQHandler
   Definitions
      At line 242 in file startup.s
   Uses
      At line 94 in file startup.s
      At line 200 in file startup.s

MemManage_Handler 00000008

Symbol: MemManage_Handler
   Definitions
      At line 136 in file startup.s
   Uses
      At line 49 in file startup.s
      At line 137 in file startup.s

NMI_Handler 00000004

Symbol: NMI_Handler
   Definitions
      At line 126 in file startup.s
   Uses
      At line 47 in file startup.s
      At line 127 in file startup.s

PLL0_IRQHandler 00000016

Symbol: PLL0_IRQHandler
   Definitions
      At line 228 in file startup.s
   Uses
      At line 80 in file startup.s
      At line 186 in file startup.s

PLL1_IRQHandler 00000016

Symbol: PLL1_IRQHandler



ARM Macro Assembler    Page 5 Alphabetic symbol ordering
Relocatable symbols

   Definitions
      At line 244 in file startup.s
   Uses
      At line 96 in file startup.s
      At line 202 in file startup.s

PWM0_IRQHandler 00000016

Symbol: PWM0_IRQHandler
   Definitions
      At line 251 in file startup.s
   Uses
      At line 103 in file startup.s
      At line 209 in file startup.s

PWM1_IRQHandler 00000016

Symbol: PWM1_IRQHandler
   Definitions
      At line 221 in file startup.s
   Uses
      At line 73 in file startup.s
      At line 179 in file startup.s

PendSV_Handler 00000012

Symbol: PendSV_Handler
   Definitions
      At line 159 in file startup.s
   Uses
      At line 60 in file startup.s
      At line 160 in file startup.s

QEI_IRQHandler 00000016

Symbol: QEI_IRQHandler
   Definitions
      At line 243 in file startup.s
   Uses
      At line 95 in file startup.s
      At line 201 in file startup.s

RTC_IRQHandler 00000016

Symbol: RTC_IRQHandler
   Definitions
      At line 229 in file startup.s
   Uses
      At line 81 in file startup.s
      At line 187 in file startup.s

Reset_Handler 00000000

Symbol: Reset_Handler
   Definitions
      At line 115 in file startup.s
   Uses
      At line 46 in file startup.s
      At line 116 in file startup.s



ARM Macro Assembler    Page 6 Alphabetic symbol ordering
Relocatable symbols


SBCCSTARTUP 00000000

Symbol: SBCCSTARTUP
   Definitions
      At line 107 in file startup.s
   Uses
      None
Comment: SBCCSTARTUP unused
SSP0_IRQHandler 00000016

Symbol: SSP0_IRQHandler
   Definitions
      At line 226 in file startup.s
   Uses
      At line 78 in file startup.s
      At line 184 in file startup.s

SSP1_IRQHandler 00000016

Symbol: SSP1_IRQHandler
   Definitions
      At line 227 in file startup.s
   Uses
      At line 79 in file startup.s
      At line 185 in file startup.s

SSP2_IRQHandler 00000016

Symbol: SSP2_IRQHandler
   Definitions
      At line 248 in file startup.s
   Uses
      At line 100 in file startup.s
      At line 206 in file startup.s

SVC_Handler 0000000E

Symbol: SVC_Handler
   Definitions
      At line 150 in file startup.s
   Uses
      At line 57 in file startup.s
      At line 151 in file startup.s

SysTick_Handler 00000014

Symbol: SysTick_Handler
   Definitions
      At line 163 in file startup.s
   Uses
      At line 61 in file startup.s
      At line 164 in file startup.s

TIMER0_IRQHandler 00000016

Symbol: TIMER0_IRQHandler
   Definitions
      At line 213 in file startup.s



ARM Macro Assembler    Page 7 Alphabetic symbol ordering
Relocatable symbols

   Uses
      At line 65 in file startup.s
      At line 171 in file startup.s

TIMER1_IRQHandler 00000016

Symbol: TIMER1_IRQHandler
   Definitions
      At line 214 in file startup.s
   Uses
      At line 66 in file startup.s
      At line 172 in file startup.s

TIMER2_IRQHandler 00000016

Symbol: TIMER2_IRQHandler
   Definitions
      At line 215 in file startup.s
   Uses
      At line 67 in file startup.s
      At line 173 in file startup.s

TIMER3_IRQHandler 00000016

Symbol: TIMER3_IRQHandler
   Definitions
      At line 216 in file startup.s
   Uses
      At line 68 in file startup.s
      At line 174 in file startup.s

UART0_IRQHandler 00000016

Symbol: UART0_IRQHandler
   Definitions
      At line 217 in file startup.s
   Uses
      At line 69 in file startup.s
      At line 175 in file startup.s

UART1_IRQHandler 00000016

Symbol: UART1_IRQHandler
   Definitions
      At line 218 in file startup.s
   Uses
      At line 70 in file startup.s
      At line 176 in file startup.s

UART2_IRQHandler 00000016

Symbol: UART2_IRQHandler
   Definitions
      At line 219 in file startup.s
   Uses
      At line 71 in file startup.s
      At line 177 in file startup.s

UART3_IRQHandler 00000016



ARM Macro Assembler    Page 8 Alphabetic symbol ordering
Relocatable symbols


Symbol: UART3_IRQHandler
   Definitions
      At line 220 in file startup.s
   Uses
      At line 72 in file startup.s
      At line 178 in file startup.s

UART4_IRQHandler 00000016

Symbol: UART4_IRQHandler
   Definitions
      At line 247 in file startup.s
   Uses
      At line 99 in file startup.s
      At line 205 in file startup.s

USBActivity_IRQHandler 00000016

Symbol: USBActivity_IRQHandler
   Definitions
      At line 245 in file startup.s
   Uses
      At line 97 in file startup.s
      At line 203 in file startup.s

USB_IRQHandler 00000016

Symbol: USB_IRQHandler
   Definitions
      At line 236 in file startup.s
   Uses
      At line 88 in file startup.s
      At line 194 in file startup.s

UsageFault_Handler 0000000C

Symbol: UsageFault_Handler
   Definitions
      At line 146 in file startup.s
   Uses
      At line 51 in file startup.s
      At line 147 in file startup.s

WDT_IRQHandler 00000016

Symbol: WDT_IRQHandler
   Definitions
      At line 212 in file startup.s
   Uses
      At line 64 in file startup.s
      At line 170 in file startup.s

52 symbols



ARM Macro Assembler    Page 1 Alphabetic symbol ordering
Absolute symbols

Stack_Size 00000400

Symbol: Stack_Size
   Definitions
      At line 27 in file startup.s
   Uses
      At line 32 in file startup.s
Comment: Stack_Size used once
1 symbol



ARM Macro Assembler    Page 1 Alphabetic symbol ordering
External symbols

start 00000000

Symbol: start
   Definitions
      At line 117 in file startup.s
   Uses
      At line 118 in file startup.s
Comment: start used once
1 symbol
395 symbols in table
